# JRE version: Java(TM) SE Runtime Environment (17.0.1+12) (build 17.0.1+12-LTS-39)
# Java VM: Java HotSpot(TM) 64-Bit Server VM (17.0.1+12-LTS-39, mixed mode, sharing, tiered, compressed oops, compressed class ptrs, g1 gc, windows-amd64)
GC Precious Log:
 CPUs: 8 total, 8 available
 Memory: 14244M
 Large Page Support: Disabled
 NUMA Support: Disabled
 Compressed Oops: Enabled (Zero based)
 Heap Region Size: 2M
 Heap Min Capacity: 8M
 Heap Initial Capacity: 224M
 Heap Max Capacity: 3G
 Pre-touch: Disabled
 Parallel Workers: 8
 Concurrent Workers: 2
 Concurrent Refinement Workers: 8
 Periodic GC: Disabled
Heap:
 garbage-first heap   total 315392K, used 191225K [0x0000000740000000, 0x0000000800000000)
  region size 2048K, 4 young (8192K), 4 survivors (8192K)
 Metaspace       used 57580K, committed 58176K, reserved 1105920K
  class space    used 7824K, committed 8128K, reserved 1048576K
GC Heap History (20 events):
Event: 14.857 GC heap after
{Heap after GC invocations=35 (full 0):
 garbage-first heap   total 157696K, used 105847K [0x0000000740000000, 0x0000000800000000)
  region size 2048K, 2 young (4096K), 2 survivors (4096K)
 Metaspace       used 57326K, committed 57856K, reserved 1105920K
  class space    used 7808K, committed 8064K, reserved 1048576K
}
Event: 14.872 GC heap before
{Heap before GC invocations=35 (full 0):
 garbage-first heap   total 157696K, used 118135K [0x0000000740000000, 0x0000000800000000)
  region size 2048K, 8 young (16384K), 2 survivors (4096K)
 Metaspace       used 57326K, committed 57856K, reserved 1105920K
  class space    used 7808K, committed 8064K, reserved 1048576K
}
Event: 14.879 GC heap after
{Heap after GC invocations=36 (full 0):
 garbage-first heap   total 315392K, used 115540K [0x0000000740000000, 0x0000000800000000)
  region size 2048K, 1 young (2048K), 1 survivors (2048K)
 Metaspace       used 57326K, committed 57856K, reserved 1105920K
  class space    used 7808K, committed 8064K, reserved 1048576K
}
Event: 15.084 GC heap before
{Heap before GC invocations=37 (full 0):
 garbage-first heap   total 315392K, used 185172K [0x0000000740000000, 0x0000000800000000)
  region size 2048K, 35 young (71680K), 1 survivors (2048K)
 Metaspace       used 57436K, committed 58048K, reserved 1105920K
  class space    used 7822K, committed 8128K, reserved 1048576K
}
Event: 15.112 GC heap after
{Heap after GC invocations=38 (full 0):
 garbage-first heap   total 315392K, used 162087K [0x0000000740000000, 0x0000000800000000)
  region size 2048K, 5 young (10240K), 5 survivors (10240K)
 Metaspace       used 57436K, committed 58048K, reserved 1105920K
  class space    used 7822K, committed 8128K, reserved 1048576K
}
Event: 15.173 GC heap before
{Heap before GC invocations=38 (full 0):
 garbage-first heap   total 315392K, used 180519K [0x0000000740000000, 0x0000000800000000)
  region size 2048K, 15 young (30720K), 5 survivors (10240K)
 Metaspace       used 57437K, committed 58048K, reserved 1105920K
  class space    used 7822K, committed 8128K, reserved 1048576K
}
Event: 15.198 GC heap after
{Heap after GC invocations=39 (full 0):
 garbage-first heap   total 315392K, used 178956K [0x0000000740000000, 0x0000000800000000)
  region size 2048K, 4 young (8192K), 4 survivors (8192K)
 Metaspace       used 57437K, committed 58048K, reserved 1105920K
  class space    used 7822K, committed 8128K, reserved 1048576K
}
Event: 17.843 GC heap before
{Heap before GC invocations=40 (full 0):
 garbage-first heap   total 315392K, used 289548K [0x0000000740000000, 0x0000000800000000)
  region size 2048K, 10 young (20480K), 4 survivors (8192K)
 Metaspace       used 57484K, committed 58112K, reserved 1105920K
  class space    used 7823K, committed 8128K, reserved 1048576K
}
Event: 17.851 GC heap after
{Heap after GC invocations=41 (full 0):
 garbage-first heap   total 315392K, used 174220K [0x0000000740000000, 0x0000000800000000)
  region size 2048K, 1 young (2048K), 1 survivors (2048K)
 Metaspace       used 57484K, committed 58112K, reserved 1105920K
  class space    used 7823K, committed 8128K, reserved 1048576K
}
Event: 19.002 GC heap before
{Heap before GC invocations=41 (full 0):
 garbage-first heap   total 315392K, used 297100K [0x0000000740000000, 0x0000000800000000)
  region size 2048K, 4 young (8192K), 1 survivors (2048K)
 Metaspace       used 57580K, committed 58176K, reserved 1105920K
  class space    used 7824K, committed 8128K, reserved 1048576K
}
Event: 19.003 GC heap after
{Heap after GC invocations=42 (full 0):
 garbage-first heap   total 315392K, used 178020K [0x0000000740000000, 0x0000000800000000)
  region size 2048K, 1 young (2048K), 1 survivors (2048K)
 Metaspace       used 57580K, committed 58176K, reserved 1105920K
  class space    used 7824K, committed 8128K, reserved 1048576K
}
Event: 19.008 GC heap before
{Heap before GC invocations=42 (full 0):
 garbage-first heap   total 315392K, used 184164K [0x0000000740000000, 0x0000000800000000)
  region size 2048K, 2 young (4096K), 1 survivors (2048K)
 Metaspace       used 57580K, committed 58176K, reserved 1105920K
  class space    used 7824K, committed 8128K, reserved 1048576K
}
Event: 19.009 GC heap after
{Heap after GC invocations=43 (full 0):
 garbage-first heap   total 315392K, used 184014K [0x0000000740000000, 0x0000000800000000)
  region size 2048K, 1 young (2048K), 1 survivors (2048K)
 Metaspace       used 57580K, committed 58176K, reserved 1105920K
  class space    used 7824K, committed 8128K, reserved 1048576K
}
Event: 19.078 GC heap before
{Heap before GC invocations=44 (full 0):
 garbage-first heap   total 315392K, used 134589K [0x0000000740000000, 0x0000000800000000)
  region size 2048K, 24 young (49152K), 1 survivors (2048K)
 Metaspace       used 57580K, committed 58176K, reserved 1105920K
  class space    used 7824K, committed 8128K, reserved 1048576K
}
Event: 19.093 GC heap after
{Heap after GC invocations=45 (full 0):
 garbage-first heap   total 315392K, used 110279K [0x0000000740000000, 0x0000000800000000)
  region size 2048K, 3 young (6144K), 3 survivors (6144K)
 Metaspace       used 57580K, committed 58176K, reserved 1105920K
  class space    used 7824K, committed 8128K, reserved 1048576K
}
Event: 19.100 GC heap before
{Heap before GC invocations=45 (full 0):
 garbage-first heap   total 315392K, used 118471K [0x0000000740000000, 0x0000000800000000)
  region size 2048K, 7 young (14336K), 3 survivors (6144K)
 Metaspace       used 57580K, committed 58176K, reserved 1105920K
  class space    used 7824K, committed 8128K, reserved 1048576K
}
Event: 19.107 GC heap after
{Heap after GC invocations=46 (full 0):
 garbage-first heap   total 315392K, used 113174K [0x0000000740000000, 0x0000000800000000)
  region size 2048K, 1 young (2048K), 1 survivors (2048K)
 Metaspace       used 57580K, committed 58176K, reserved 1105920K
  class space    used 7824K, committed 8128K, reserved 1048576K
}
Event: 19.145 GC heap before
{Heap before GC invocations=46 (full 0):
 garbage-first heap   total 315392K, used 182806K [0x0000000740000000, 0x0000000800000000)
  region size 2048K, 35 young (71680K), 1 survivors (2048K)
 Metaspace       used 57580K, committed 58176K, reserved 1105920K
  class space    used 7824K, committed 8128K, reserved 1048576K
}
Event: 19.167 GC heap after
{Heap after GC invocations=47 (full 0):
 garbage-first heap   total 315392K, used 159738K [0x0000000740000000, 0x0000000800000000)
  region size 2048K, 5 young (10240K), 5 survivors (10240K)
 Metaspace       used 57580K, committed 58176K, reserved 1105920K
  class space    used 7824K, committed 8128K, reserved 1048576K
}
Event: 19.210 GC heap before
{Heap before GC invocations=47 (full 0):
 garbage-first heap   total 315392K, used 196602K [0x0000000740000000, 0x0000000800000000)
  region size 2048K, 24 young (49152K), 5 survivors (10240K)
 Metaspace       used 57580K, committed 58176K, reserved 1105920K
  class space    used 7824K, committed 8128K, reserved 1048576K
}

