# JRE version: Java(TM) SE Runtime Environment (17.0.1+12) (build 17.0.1+12-LTS-39)
# Java VM: Java HotSpot(TM) 64-Bit Server VM (17.0.1+12-LTS-39, mixed mode, sharing, tiered, compressed oops, compressed class ptrs, g1 gc, windows-amd64)
GC Precious Log:
 CPUs: 8 total, 8 available
 Memory: 14244M
 Large Page Support: Disabled
 NUMA Support: Disabled
 Compressed Oops: Enabled (Zero based)
 Heap Region Size: 2M
 Heap Min Capacity: 8M
 Heap Initial Capacity: 224M
 Heap Max Capacity: 3G
 Pre-touch: Disabled
 Parallel Workers: 8
 Concurrent Workers: 2
 Concurrent Refinement Workers: 8
 Periodic GC: Disabled
Heap:
 garbage-first heap   total 438272K, used 263364K [0x0000000740000000, 0x0000000800000000)
  region size 2048K, 7 young (14336K), 7 survivors (14336K)
 Metaspace       used 57550K, committed 58176K, reserved 1105920K
  class space    used 7828K, committed 8128K, reserved 1048576K
GC Heap History (20 events):
Event: 13.170 GC heap after
{Heap after GC invocations=14 (full 0):
 garbage-first heap   total 122880K, used 50987K [0x0000000740000000, 0x0000000800000000)
  region size 2048K, 1 young (2048K), 1 survivors (2048K)
 Metaspace       used 55225K, committed 55808K, reserved 1097728K
  class space    used 7599K, committed 7872K, reserved 1048576K
}
Event: 13.180 GC heap before
{Heap before GC invocations=14 (full 0):
 garbage-first heap   total 122880K, used 53035K [0x0000000740000000, 0x0000000800000000)
  region size 2048K, 2 young (4096K), 1 survivors (2048K)
 Metaspace       used 55227K, committed 55808K, reserved 1097728K
  class space    used 7599K, committed 7872K, reserved 1048576K
}
Event: 13.181 GC heap after
{Heap after GC invocations=15 (full 0):
 garbage-first heap   total 122880K, used 50513K [0x0000000740000000, 0x0000000800000000)
  region size 2048K, 1 young (2048K), 1 survivors (2048K)
 Metaspace       used 55227K, committed 55808K, reserved 1097728K
  class space    used 7599K, committed 7872K, reserved 1048576K
}
Event: 13.189 GC heap before
{Heap before GC invocations=15 (full 0):
 garbage-first heap   total 122880K, used 52561K [0x0000000740000000, 0x0000000800000000)
  region size 2048K, 2 young (4096K), 1 survivors (2048K)
 Metaspace       used 55243K, committed 55808K, reserved 1097728K
  class space    used 7601K, committed 7872K, reserved 1048576K
}
Event: 13.191 GC heap after
{Heap after GC invocations=16 (full 0):
 garbage-first heap   total 122880K, used 50463K [0x0000000740000000, 0x0000000800000000)
  region size 2048K, 1 young (2048K), 1 survivors (2048K)
 Metaspace       used 55243K, committed 55808K, reserved 1097728K
  class space    used 7601K, committed 7872K, reserved 1048576K
}
Event: 13.295 GC heap before
{Heap before GC invocations=16 (full 0):
 garbage-first heap   total 122880K, used 56607K [0x0000000740000000, 0x0000000800000000)
  region size 2048K, 4 young (8192K), 1 survivors (2048K)
 Metaspace       used 55459K, committed 56064K, reserved 1097728K
  class space    used 7631K, committed 7936K, reserved 1048576K
}
Event: 13.297 GC heap after
{Heap after GC invocations=17 (full 0):
 garbage-first heap   total 122880K, used 50865K [0x0000000740000000, 0x0000000800000000)
  region size 2048K, 1 young (2048K), 1 survivors (2048K)
 Metaspace       used 55459K, committed 56064K, reserved 1097728K
  class space    used 7631K, committed 7936K, reserved 1048576K
}
Event: 13.304 GC heap before
{Heap before GC invocations=17 (full 0):
 garbage-first heap   total 122880K, used 52913K [0x0000000740000000, 0x0000000800000000)
  region size 2048K, 2 young (4096K), 1 survivors (2048K)
 Metaspace       used 55470K, committed 56064K, reserved 1097728K
  class space    used 7631K, committed 7936K, reserved 1048576K
}
Event: 13.305 GC heap after
{Heap after GC invocations=18 (full 0):
 garbage-first heap   total 241664K, used 50891K [0x0000000740000000, 0x0000000800000000)
  region size 2048K, 1 young (2048K), 1 survivors (2048K)
 Metaspace       used 55470K, committed 56064K, reserved 1097728K
  class space    used 7631K, committed 7936K, reserved 1048576K
}
Event: 13.786 GC heap before
{Heap before GC invocations=18 (full 0):
 garbage-first heap   total 241664K, used 143051K [0x0000000740000000, 0x0000000800000000)
  region size 2048K, 24 young (49152K), 1 survivors (2048K)
 Metaspace       used 56844K, committed 57408K, reserved 1105920K
  class space    used 7743K, committed 8000K, reserved 1048576K
}
Event: 13.789 GC heap after
{Heap after GC invocations=19 (full 0):
 garbage-first heap   total 241664K, used 51993K [0x0000000740000000, 0x0000000800000000)
  region size 2048K, 1 young (2048K), 1 survivors (2048K)
 Metaspace       used 56844K, committed 57408K, reserved 1105920K
  class space    used 7743K, committed 8000K, reserved 1048576K
}
Event: 14.325 GC heap before
{Heap before GC invocations=19 (full 0):
 garbage-first heap   total 241664K, used 226073K [0x0000000740000000, 0x0000000800000000)
  region size 2048K, 61 young (124928K), 1 survivors (2048K)
 Metaspace       used 57323K, committed 57856K, reserved 1105920K
  class space    used 7813K, committed 8064K, reserved 1048576K
}
Event: 14.382 GC heap after
{Heap after GC invocations=20 (full 0):
 garbage-first heap   total 311296K, used 135313K [0x0000000740000000, 0x0000000800000000)
  region size 2048K, 9 young (18432K), 9 survivors (18432K)
 Metaspace       used 57323K, committed 57856K, reserved 1105920K
  class space    used 7813K, committed 8064K, reserved 1048576K
}
Event: 14.589 GC heap before
{Heap before GC invocations=20 (full 0):
 garbage-first heap   total 311296K, used 217233K [0x0000000740000000, 0x0000000800000000)
  region size 2048K, 40 young (81920K), 9 survivors (18432K)
 Metaspace       used 57468K, committed 58048K, reserved 1105920K
  class space    used 7828K, committed 8128K, reserved 1048576K
}
Event: 14.626 GC heap after
{Heap after GC invocations=21 (full 0):
 garbage-first heap   total 311296K, used 169806K [0x0000000740000000, 0x0000000800000000)
  region size 2048K, 6 young (12288K), 6 survivors (12288K)
 Metaspace       used 57468K, committed 58048K, reserved 1105920K
  class space    used 7828K, committed 8128K, reserved 1048576K
}
Event: 15.071 GC heap before
{Heap before GC invocations=22 (full 0):
 garbage-first heap   total 434176K, used 409422K [0x0000000740000000, 0x0000000800000000)
  region size 2048K, 16 young (32768K), 6 survivors (12288K)
 Metaspace       used 57550K, committed 58176K, reserved 1105920K
  class space    used 7828K, committed 8128K, reserved 1048576K
}
Event: 15.092 GC heap after
{Heap after GC invocations=23 (full 0):
 garbage-first heap   total 438272K, used 188238K [0x0000000740000000, 0x0000000800000000)
  region size 2048K, 4 young (8192K), 4 survivors (8192K)
 Metaspace       used 57550K, committed 58176K, reserved 1105920K
  class space    used 7828K, committed 8128K, reserved 1048576K
}
Event: 15.112 GC heap before
{Heap before GC invocations=23 (full 0):
 garbage-first heap   total 438272K, used 198478K [0x0000000740000000, 0x0000000800000000)
  region size 2048K, 10 young (20480K), 4 survivors (8192K)
 Metaspace       used 57550K, committed 58176K, reserved 1105920K
  class space    used 7828K, committed 8128K, reserved 1048576K
}
Event: 15.119 GC heap after
{Heap after GC invocations=24 (full 0):
 garbage-first heap   total 438272K, used 197431K [0x0000000740000000, 0x0000000800000000)
  region size 2048K, 2 young (4096K), 2 survivors (4096K)
 Metaspace       used 57550K, committed 58176K, reserved 1105920K
  class space    used 7828K, committed 8128K, reserved 1048576K
}
Event: 15.174 GC heap before
{Heap before GC invocations=24 (full 0):
 garbage-first heap   total 438272K, used 295735K [0x0000000740000000, 0x0000000800000000)
  region size 2048K, 50 young (102400K), 2 survivors (4096K)
 Metaspace       used 57550K, committed 58176K, reserved 1105920K
  class space    used 7828K, committed 8128K, reserved 1048576K
}

