# JRE version: Java(TM) SE Runtime Environment (17.0.1+12) (build 17.0.1+12-LTS-39)
# Java VM: Java HotSpot(TM) 64-Bit Server VM (17.0.1+12-LTS-39, mixed mode, sharing, tiered, compressed oops, compressed class ptrs, g1 gc, windows-amd64)
GC Precious Log:
 CPUs: 8 total, 8 available
 Memory: 14244M
 Large Page Support: Disabled
 NUMA Support: Disabled
 Compressed Oops: Enabled (Zero based)
 Heap Region Size: 2M
 Heap Min Capacity: 8M
 Heap Initial Capacity: 224M
 Heap Max Capacity: 3G
 Pre-touch: Disabled
 Parallel Workers: 8
 Concurrent Workers: 2
 Concurrent Refinement Workers: 8
 Periodic GC: Disabled
Heap:
 garbage-first heap   total 137216K, used 96406K [0x0000000740000000, 0x0000000800000000)
  region size 2048K, 2 young (4096K), 1 survivors (2048K)
 Metaspace       used 61032K, committed 61632K, reserved 1105920K
  class space    used 8348K, committed 8576K, reserved 1048576K
GC Heap History (20 events):
Event: 24.492 GC heap before
{Heap before GC invocations=16 (full 0):
 garbage-first heap   total 112640K, used 87211K [0x0000000740000000, 0x0000000800000000)
  region size 2048K, 14 young (28672K), 2 survivors (4096K)
 Metaspace       used 55136K, committed 55680K, reserved 1097728K
  class space    used 7526K, committed 7744K, reserved 1048576K
}
Event: 24.495 GC heap after
{Heap after GC invocations=17 (full 0):
 garbage-first heap   total 112640K, used 64814K [0x0000000740000000, 0x0000000800000000)
  region size 2048K, 2 young (4096K), 2 survivors (4096K)
 Metaspace       used 55136K, committed 55680K, reserved 1097728K
  class space    used 7526K, committed 7744K, reserved 1048576K
}
Event: 24.800 GC heap before
{Heap before GC invocations=17 (full 0):
 garbage-first heap   total 112640K, used 89390K [0x0000000740000000, 0x0000000800000000)
  region size 2048K, 14 young (28672K), 2 survivors (4096K)
 Metaspace       used 56280K, committed 56832K, reserved 1097728K
  class space    used 7686K, committed 7936K, reserved 1048576K
}
Event: 24.805 GC heap after
{Heap after GC invocations=18 (full 0):
 garbage-first heap   total 112640K, used 67117K [0x0000000740000000, 0x0000000800000000)
  region size 2048K, 2 young (4096K), 2 survivors (4096K)
 Metaspace       used 56280K, committed 56832K, reserved 1097728K
  class space    used 7686K, committed 7936K, reserved 1048576K
}
Event: 25.130 GC heap before
{Heap before GC invocations=19 (full 0):
 garbage-first heap   total 122880K, used 89645K [0x0000000740000000, 0x0000000800000000)
  region size 2048K, 13 young (26624K), 2 survivors (4096K)
 Metaspace       used 56636K, committed 57216K, reserved 1105920K
  class space    used 7748K, committed 8000K, reserved 1048576K
}
Event: 25.134 GC heap after
{Heap after GC invocations=20 (full 0):
 garbage-first heap   total 122880K, used 69956K [0x0000000740000000, 0x0000000800000000)
  region size 2048K, 2 young (4096K), 2 survivors (4096K)
 Metaspace       used 56636K, committed 57216K, reserved 1105920K
  class space    used 7748K, committed 8000K, reserved 1048576K
}
Event: 26.286 GC heap before
{Heap before GC invocations=20 (full 0):
 garbage-first heap   total 122880K, used 98628K [0x0000000740000000, 0x0000000800000000)
  region size 2048K, 16 young (32768K), 2 survivors (4096K)
 Metaspace       used 58258K, committed 58816K, reserved 1105920K
  class space    used 8018K, committed 8256K, reserved 1048576K
}
Event: 26.291 GC heap after
{Heap after GC invocations=21 (full 0):
 garbage-first heap   total 122880K, used 72583K [0x0000000740000000, 0x0000000800000000)
  region size 2048K, 2 young (4096K), 2 survivors (4096K)
 Metaspace       used 58258K, committed 58816K, reserved 1105920K
  class space    used 8018K, committed 8256K, reserved 1048576K
}
Event: 27.461 GC heap before
{Heap before GC invocations=22 (full 0):
 garbage-first heap   total 133120K, used 80775K [0x0000000740000000, 0x0000000800000000)
  region size 2048K, 8 young (16384K), 2 survivors (4096K)
 Metaspace       used 59406K, committed 60032K, reserved 1105920K
  class space    used 8183K, committed 8448K, reserved 1048576K
}
Event: 27.464 GC heap after
{Heap after GC invocations=23 (full 0):
 garbage-first heap   total 133120K, used 73161K [0x0000000740000000, 0x0000000800000000)
  region size 2048K, 1 young (2048K), 1 survivors (2048K)
 Metaspace       used 59406K, committed 60032K, reserved 1105920K
  class space    used 8183K, committed 8448K, reserved 1048576K
}
Event: 27.615 GC heap before
{Heap before GC invocations=24 (full 0):
 garbage-first heap   total 137216K, used 77257K [0x0000000740000000, 0x0000000800000000)
  region size 2048K, 2 young (4096K), 1 survivors (2048K)
 Metaspace       used 59630K, committed 60224K, reserved 1105920K
  class space    used 8209K, committed 8448K, reserved 1048576K
}
Event: 27.617 GC heap after
{Heap after GC invocations=25 (full 0):
 garbage-first heap   total 137216K, used 73261K [0x0000000740000000, 0x0000000800000000)
  region size 2048K, 1 young (2048K), 1 survivors (2048K)
 Metaspace       used 59630K, committed 60224K, reserved 1105920K
  class space    used 8209K, committed 8448K, reserved 1048576K
}
Event: 27.781 GC heap before
{Heap before GC invocations=26 (full 0):
 garbage-first heap   total 137216K, used 79405K [0x0000000740000000, 0x0000000800000000)
  region size 2048K, 2 young (4096K), 1 survivors (2048K)
 Metaspace       used 59633K, committed 60224K, reserved 1105920K
  class space    used 8209K, committed 8448K, reserved 1048576K
}
Event: 27.783 GC heap after
{Heap after GC invocations=27 (full 0):
 garbage-first heap   total 137216K, used 72956K [0x0000000740000000, 0x0000000800000000)
  region size 2048K, 1 young (2048K), 1 survivors (2048K)
 Metaspace       used 59633K, committed 60224K, reserved 1105920K
  class space    used 8209K, committed 8448K, reserved 1048576K
}
Event: 28.138 GC heap before
{Heap before GC invocations=28 (full 0):
 garbage-first heap   total 137216K, used 81148K [0x0000000740000000, 0x0000000800000000)
  region size 2048K, 4 young (8192K), 1 survivors (2048K)
 Metaspace       used 59819K, committed 60416K, reserved 1105920K
  class space    used 8229K, committed 8512K, reserved 1048576K
}
Event: 28.141 GC heap after
{Heap after GC invocations=29 (full 0):
 garbage-first heap   total 137216K, used 73821K [0x0000000740000000, 0x0000000800000000)
  region size 2048K, 1 young (2048K), 1 survivors (2048K)
 Metaspace       used 59819K, committed 60416K, reserved 1105920K
  class space    used 8229K, committed 8512K, reserved 1048576K
}
Event: 30.101 GC heap before
{Heap before GC invocations=30 (full 0):
 garbage-first heap   total 137216K, used 82013K [0x0000000740000000, 0x0000000800000000)
  region size 2048K, 4 young (8192K), 1 survivors (2048K)
 Metaspace       used 60060K, committed 60672K, reserved 1105920K
  class space    used 8250K, committed 8512K, reserved 1048576K
}
Event: 30.103 GC heap after
{Heap after GC invocations=31 (full 0):
 garbage-first heap   total 137216K, used 73513K [0x0000000740000000, 0x0000000800000000)
  region size 2048K, 1 young (2048K), 1 survivors (2048K)
 Metaspace       used 60060K, committed 60672K, reserved 1105920K
  class space    used 8250K, committed 8512K, reserved 1048576K
}
Event: 30.798 GC heap before
{Heap before GC invocations=32 (full 0):
 garbage-first heap   total 137216K, used 81705K [0x0000000740000000, 0x0000000800000000)
  region size 2048K, 5 young (10240K), 1 survivors (2048K)
 Metaspace       used 61032K, committed 61632K, reserved 1105920K
  class space    used 8348K, committed 8576K, reserved 1048576K
}
Event: 30.801 GC heap after
{Heap after GC invocations=33 (full 0):
 garbage-first heap   total 137216K, used 73878K [0x0000000740000000, 0x0000000800000000)
  region size 2048K, 1 young (2048K), 1 survivors (2048K)
 Metaspace       used 61032K, committed 61632K, reserved 1105920K
  class space    used 8348K, committed 8576K, reserved 1048576K
}

